    INFO - 11:46:22 :  
    INFO - 11:46:22 : *** Start MDO Scenario execution ***
    INFO - 11:46:22 : MDOScenario:
    INFO - 11:46:22 : Disciplines:SobieskiPropulsion SobieskiAerodynamics SobieskiMission SobieskiStructure
    INFO - 11:46:22 : MDOFormulation: MDFFormulation
    INFO - 11:46:22 : Optimization problem:
    INFO - 11:46:22 :       Minimize: -y_4(x_1, x_2, x_3, x_shared)
    INFO - 11:46:22 : With respect to: 
    INFO - 11:46:22 :     x_1, x_2, x_3, x_shared
    INFO - 11:46:22 : Subject to constraints: 
    INFO - 11:46:22 : g_1_g_2_g_3(x_1, x_2, x_3, x_shared) <= 0
    INFO - 11:46:22 : 
    INFO - 11:46:22 : Use algorithm :SLSQP from library :SCIPY
    INFO - 11:46:22 : Option: disp = 0
    INFO - 11:46:22 : Option: ftol = 1e-12
    INFO - 11:46:22 : Option: maxiter = 20
    INFO - 11:46:22 : Number of design variables: 10
    INFO - 11:46:22 : Initial guess for design variables :
    INFO - 11:46:22 : [  2.50000000e-01   1.00000000e+00   1.00000000e+00   5.00000000e-01
   5.00000000e-02   4.50000000e+04   1.60000000e+00   5.50000000e+00
   5.50000000e+01   1.00000000e+03]
    INFO - 11:46:22 : Initial guess for design variables, normalized with respect to their bounds :
    INFO - 11:46:22 : [ 0.5         0.5         0.5         0.44444444  0.5         0.5         0.5
  0.5         0.5         0.5       ]
 WARNING - 11:46:22 : /home/lafage/workspace/formulations/gems/problems/sobieski/core_propulsion.py:295: ComplexWarning: Casting complex values to real discards the imaginary part
  y_3[2] = esf

 WARNING - 11:46:22 : /home/lafage/workspace/formulations/gems/problems/sobieski/core_propulsion.py:296: ComplexWarning: Casting complex values to real discards the imaginary part
  y_3[1] = self.compute_engine_weight(esf)

 WARNING - 11:46:22 : /home/lafage/workspace/formulations/gems/problems/sobieski/core_propulsion.py:297: ComplexWarning: Casting complex values to real discards the imaginary part
  y_3[0] = self.compute_sfc(x_shared, x_3[0])

 WARNING - 11:46:22 : /home/lafage/workspace/formulations/gems/problems/sobieski/core_propulsion.py:80: ComplexWarning: Casting complex values to real discards the imaginary part
  s_new = array([x_shared[2], x_shared[1], x_3[0]], dtype=self.dtype)

 WARNING - 11:46:22 : /home/lafage/workspace/formulations/gems/problems/sobieski/core_propulsion.py:310: ComplexWarning: Casting complex values to real discards the imaginary part
  g_3[2] = self.compute_throttle_constraint(x_shared, x_3[0])

 WARNING - 11:46:22 : /home/lafage/workspace/formulations/gems/problems/sobieski/core_aerodynamics.py:441: ComplexWarning: Casting complex values to real discards the imaginary part
  self.math.exp((36089.0 - altitude) / 20806.7)

 WARNING - 11:46:22 : /home/lafage/workspace/formulations/gems/problems/sobieski/core_aerodynamics.py:67: ComplexWarning: Casting complex values to real discards the imaginary part
  s_new = array([y_32[0], x_2[0]], dtype=self.dtype)

 WARNING - 11:46:22 : /home/lafage/workspace/formulations/gems/problems/sobieski/core_aerodynamics.py:83: ComplexWarning: Casting complex values to real discards the imaginary part
  s_new = array([y_12[1]], dtype=self.dtype)

 WARNING - 11:46:22 : /home/lafage/workspace/formulations/gems/problems/sobieski/core_aerodynamics.py:119: ComplexWarning: Casting complex values to real discards the imaginary part
  self.math.cos(x_shared[4] * DEG_TO_RAD) / \

 WARNING - 11:46:22 : /home/lafage/workspace/formulations/gems/problems/sobieski/core_aerodynamics.py:120: ComplexWarning: Casting complex values to real discards the imaginary part
  (4.0 * self.math.sqrt(x_shared[4] ** 2 - 1) - 2)

 WARNING - 11:46:22 : /home/lafage/workspace/formulations/gems/problems/sobieski/core_aerodynamics.py:237: ComplexWarning: Casting complex values to real discards the imaginary part
  (self.math.cos(x_shared[4] * DEG_TO_RAD)) ** 1.5

 WARNING - 11:46:22 : /home/lafage/workspace/formulations/gems/problems/sobieski/core_aerodynamics.py:575: ComplexWarning: Casting complex values to real discards the imaginary part
  y_2[1] = drag

 WARNING - 11:46:22 : /home/lafage/workspace/formulations/gems/problems/sobieski/core_aerodynamics.py:576: ComplexWarning: Casting complex values to real discards the imaginary part
  y_2[2] = lift_coeff / drag_coeff

 WARNING - 11:46:22 : /home/lafage/workspace/formulations/gems/problems/sobieski/core_aerodynamics.py:577: ComplexWarning: Casting complex values to real discards the imaginary part
  y_2[0] = y_12[0]

 WARNING - 11:46:22 : /home/lafage/workspace/formulations/gems/problems/sobieski/core_aerodynamics.py:99: ComplexWarning: Casting complex values to real discards the imaginary part
  s_new = array([x_shared[0]], dtype=self.dtype)

 WARNING - 11:46:22 : /home/lafage/workspace/formulations/gems/problems/sobieski/core_mission.py:135: ComplexWarning: Casting complex values to real discards the imaginary part
  self.math.log(y_14[0] / (y_14[0] - y_14[1]))

 WARNING - 11:46:22 : /home/lafage/workspace/formulations/gems/problems/sobieski/core_mission.py:243: ComplexWarning: Casting complex values to real discards the imaginary part
  y_4[0] = self.compute_range(x_shared, y_14, y_24, y_34)

 WARNING - 11:46:22 : /home/lafage/workspace/formulations/gems/problems/sobieski/base.py:412: ComplexWarning: Casting complex values to real discards the imaginary part
  return self.math.sqrt(x_shared[3] * x_shared[5]) * 0.5  # 1/2 span

 WARNING - 11:46:22 : /home/lafage/workspace/formulations/gems/problems/sobieski/core_structure.py:74: ComplexWarning: Casting complex values to real discards the imaginary part
  dtype=self.dtype)

 WARNING - 11:46:22 : /home/lafage/workspace/formulations/gems/problems/sobieski/core_structure.py:89: ComplexWarning: Casting complex values to real discards the imaginary part
  s_new = array([x_1[1]], dtype=self.dtype)

 WARNING - 11:46:22 : /home/lafage/workspace/formulations/gems/problems/sobieski/core_structure.py:165: ComplexWarning: Casting complex values to real discards the imaginary part
  * ((0.1875 * x_shared[5]) ** 0.1)

 WARNING - 11:46:22 : /home/lafage/workspace/formulations/gems/problems/sobieski/base.py:423: ComplexWarning: Casting complex values to real discards the imaginary part
  (self.math.sqrt(x_shared[5] * x_shared[3]))  # thickness

 WARNING - 11:46:22 : /home/lafage/workspace/formulations/gems/problems/sobieski/core_structure.py:689: ComplexWarning: Casting complex values to real discards the imaginary part
  y_1[1] = self.constants[0] + fuel_wing_weight  # Fuel weight

 WARNING - 11:46:22 : /home/lafage/workspace/formulations/gems/problems/sobieski/core_structure.py:690: ComplexWarning: Casting complex values to real discards the imaginary part
  y_1[0] = self.constants[1] + wing_w + y_1[1] + y_31[0]

 WARNING - 11:46:22 : /home/lafage/workspace/formulations/gems/problems/sobieski/core_structure.py:116: ComplexWarning: Casting complex values to real discards the imaginary part
  dtype=self.dtype)

    INFO - 11:46:24 : Optimization result: 
    INFO - 11:46:24 : Design variables values at optimum :
    INFO - 11:46:24 : [  2.50000000e-01   1.00000000e+00   1.00000000e+00   5.00000000e-01
    INFO - 11:46:24 :    5.00000000e-02   4.50000000e+04   1.60000000e+00   5.50000000e+00
    INFO - 11:46:24 :    5.50000000e+01   1.00000000e+03]
    INFO - 11:46:24 : Objective value = -535.782133112
    INFO - 11:46:24 : Status :0
    INFO - 11:46:24 : Optimizer message :Optimization terminated successfully.
    INFO - 11:46:24 : Number of calls to the objective function by the optimizer :2
    INFO - 11:46:24 : 
    INFO - 11:46:24 : *** MDO Scenario run terminated ***
 WARNING - 11:46:24 : /opt/anaconda/envs/python27/lib/python2.7/site-packages/matplotlib/axes/_base.py:3045: UserWarning: Attempting to set identical bottom==top results
in singular transformations; automatically expanding.
bottom=-535.782133112, top=-535.782133112
  'bottom=%s, top=%s') % (bottom, top))

 WARNING - 11:46:24 : Failed to create Hessian approximation:Cannot build approximation for function : -y_4 because its gradient history is too small : 1
    INFO - 11:46:24 : Performance of formulation : 
    INFO - 11:46:24 :     Discipline SobieskiPropulsion - call = 210
    INFO - 11:46:24 :     Discipline SobieskiAerodynamics - call = 210
    INFO - 11:46:24 :     Discipline SobieskiMission - call = 210
    INFO - 11:46:24 :     Discipline SobieskiStructure - call = 210
