    INFO - 14:15:39 :  
    INFO - 14:15:39 : *** Start MDO Scenario execution ***
    INFO - 14:15:39 : MDOScenario:
    INFO - 14:15:39 : Disciplines:SobieskiPropulsion SobieskiAerodynamics SobieskiMission SobieskiStructure
    INFO - 14:15:39 : MDOFormulation: IDFFormulation
    INFO - 14:15:39 : Optimization problem:
    INFO - 14:15:39 :       Minimize: -y_4(x_shared, y_34, y_14, y_24)
    INFO - 14:15:39 : With respect to: 
    INFO - 14:15:39 :     x_1, x_2, x_3, x_shared, y_34, y_12, y_14, y_31, y_24, y_32, y_23, y_21
    INFO - 14:15:39 : Subject to constraints: 
    INFO - 14:15:39 : y_31_y_32_y_34(x_3, x_shared, y_23) = y_31(x_3, x_shared, y_23) - y_31 = 0
    INFO - 14:15:39 :                                       y_32(x_3, x_shared, y_23) - y_32 = 0
    INFO - 14:15:39 :                                       y_34(x_3, x_shared, y_23) - y_34 = 0
    INFO - 14:15:39 : y_24_y_23_y_21(x_2, x_shared, y_12, y_32) = y_24(x_2, x_shared, y_12, y_32) - y_24 = 0
    INFO - 14:15:39 :                                             y_23(x_2, x_shared, y_12, y_32) - y_23 = 0
    INFO - 14:15:39 :                                             y_21(x_2, x_shared, y_12, y_32) - y_21 = 0
    INFO - 14:15:39 : y_12_y_14(x_1, x_shared, y_31, y_21) = y_12(x_1, x_shared, y_31, y_21) - y_12 = 0
    INFO - 14:15:39 :                                        y_14(x_1, x_shared, y_31, y_21) - y_14 = 0
    INFO - 14:15:39 : g_1(x_1, x_shared, y_31, y_21) <= 0
    INFO - 14:15:39 : g_2(x_2, x_shared, y_12, y_32) <= 0
    INFO - 14:15:39 : g_3(x_3, x_shared, y_23) <= 0
    INFO - 14:15:39 : 
    INFO - 14:15:39 : Use algorithm :SLSQP from library :SCIPY
    INFO - 14:15:39 : Option: disp = 0
    INFO - 14:15:39 : Option: ftol = 1e-12
    INFO - 14:15:39 : Option: maxiter = 7
    INFO - 14:15:39 : Number of design variables: 20
    INFO - 14:15:39 : Initial guess for design variables :
    INFO - 14:15:39 : [  2.50000000e-01   1.00000000e+00   1.00000000e+00   5.00000000e-01
   5.00000000e-02   4.50000000e+04   1.60000000e+00   5.50000000e+00
   5.50000000e+01   1.00000000e+03   1.10754577e+00   5.06069742e+04
   9.50000000e-01   5.06069742e+04   7.30620262e+03   6.35432431e+03
   4.15006276e+00   5.02796250e-01   1.21942672e+04   5.06069742e+04]
    INFO - 14:15:39 : Initial guess for design variables, normalized with respect to their bounds :
    INFO - 14:15:39 : [ 0.5         0.5         0.5         0.44444444  0.5         0.5         0.5
  0.5         0.5         0.5         0.43347128  0.49154531  0.47619048
  0.49295644  0.28474768  0.46980267  0.34705919  0.47820759  0.3832979
  0.49154531]
    INFO - 14:15:39 : Optimization: |          | 0/7   0% [elapsed: 00:00 left: ?, ? iters/sec]
    INFO - 14:15:39 : Optimization: |███████▏  | 5/7  71% [elapsed: 00:00 left: 00:00, 44.08 iters/sec]
    INFO - 14:15:39 : Optimization: |██████████| 7/7 100% [elapsed: 00:00 left: 00:00, 48.30 iters/sec]
    INFO - 14:15:39 : Maximum number of iteration reached by the driver
    INFO - 14:15:39 : Maximum number of iteration reached by the driver
    INFO - 14:15:39 : Maximum number of iteration reached by the driver
    INFO - 14:15:39 : Maximum number of iteration reached by the driver
    INFO - 14:15:39 : Maximum number of iteration reached by the driver
    INFO - 14:15:39 : Maximum number of iteration reached by the driver
    INFO - 14:15:39 : Maximum number of iteration reached by the driver
    INFO - 14:15:39 : Maximum number of iteration reached by the driver
    INFO - 14:15:39 : Maximum number of iteration reached by the driver
    INFO - 14:15:39 : Maximum number of iteration reached by the driver
    INFO - 14:15:39 : Optimization result: 
    INFO - 14:15:39 : Design variables values at optimum :
    INFO - 14:15:39 : [  3.99977313e-01   7.50000000e-01   7.50000000e-01   1.56256076e-01
    INFO - 14:15:39 :    6.00007576e-02   6.00000000e+04   1.40000000e+00   2.50000000e+00
    INFO - 14:15:39 :    7.00000000e+01   1.50000000e+03   9.23910386e-01   4.47487825e+04
    INFO - 14:15:39 :    9.02794038e-01   4.47487825e+04   1.93509817e+04   9.43634562e+03
    INFO - 14:15:39 :    8.05753075e+00   7.32737911e-01   5.55365948e+03   4.47487825e+04]
    INFO - 14:15:39 : Objective value = -3963.74922641
    INFO - 14:15:39 : Status :9
    INFO - 14:15:39 : Optimizer message :Iteration limit exceeded
    INFO - 14:15:39 : Number of calls to the objective function by the optimizer :17
    INFO - 14:15:39 : 
    INFO - 14:15:39 : *** MDO Scenario run terminated ***
    INFO - 14:15:40 : Building Hessian approximation with 7 pairs of x and gradients
    INFO - 14:15:41 : Building Hessian approximation with 7 pairs of x and gradients
